{"level":"info","message":"User service running on :","service":"identity-service","timestamp":"2025-01-15T19:09:21.000Z"}
{"level":"info","message":"Connected to mongodb","service":"identity-service","timestamp":"2025-01-15T19:09:21.870Z"}
{"level":"info","message":"User service running on :","service":"identity-service","timestamp":"2025-01-16T14:55:22.963Z"}
{"0":"r","1":"e","2":"s","3":"o","4":"n","5":":","level":"error","message":"Unhandled rejection at ","service":"identity-service","timestamp":"2025-01-16T14:55:53.014Z"}
{"level":"info","message":"User service running on :","service":"identity-service","timestamp":"2025-01-16T15:01:30.169Z"}
{"0":"r","1":"e","2":"s","3":"o","4":"n","5":":","level":"error","message":"Unhandled rejection at ","service":"identity-service","timestamp":"2025-01-16T15:02:00.234Z"}
{"0":"3","1":"0","2":"0","3":"1","level":"info","message":"User service running on :","service":"identity-service","timestamp":"2025-01-16T15:02:35.210Z"}
{"level":"info","message":"Recevied POST request to /api/auth/register","service":"identity-service","timestamp":"2025-01-16T15:02:38.031Z"}
{"level":"info","message":"Request body , [object Object]","service":"identity-service","timestamp":"2025-01-16T15:02:38.032Z"}
{"0":"r","1":"e","2":"s","3":"o","4":"n","5":":","level":"error","message":"Unhandled rejection at ","service":"identity-service","timestamp":"2025-01-16T15:03:05.272Z"}
{"0":"3","1":"0","2":"0","3":"1","level":"info","message":"User service running on :","service":"identity-service","timestamp":"2025-01-16T15:03:41.079Z"}
{"0":"3","1":"0","2":"0","3":"1","level":"info","message":"User service running on :","service":"identity-service","timestamp":"2025-01-16T15:03:59.222Z"}
{"level":"info","message":"Recevied POST request to /api/auth/register","service":"identity-service","timestamp":"2025-01-16T15:04:04.148Z"}
{"level":"info","message":"Request body , [object Object]","service":"identity-service","timestamp":"2025-01-16T15:04:04.149Z"}
{"0":"r","1":"e","2":"s","3":"o","4":"n","5":":","level":"error","message":"Unhandled rejection at ","service":"identity-service","timestamp":"2025-01-16T15:04:29.275Z"}
{"0":"3","1":"0","2":"0","3":"1","level":"info","message":"User service running on :","service":"identity-service","timestamp":"2025-01-16T15:05:52.241Z"}
{"0":"r","1":"e","2":"s","3":"o","4":"n","5":":","level":"error","message":"Unhandled rejection at ","service":"identity-service","timestamp":"2025-01-16T15:06:22.319Z"}
{"0":"3","1":"0","2":"0","3":"1","level":"info","message":"User service running on :","service":"identity-service","timestamp":"2025-01-16T15:06:39.687Z"}
{"level":"info","message":"Recevied POST request to /api/auth/register","service":"identity-service","timestamp":"2025-01-16T15:06:45.201Z"}
{"level":"info","message":"Request body , [object Object]","service":"identity-service","timestamp":"2025-01-16T15:06:45.203Z"}
{"0":"r","1":"e","2":"s","3":"o","4":"n","5":":","level":"error","message":"Unhandled rejection at ","service":"identity-service","timestamp":"2025-01-16T15:07:09.743Z"}
{"0":"3","1":"0","2":"0","3":"1","level":"info","message":"User service running on :","service":"identity-service","timestamp":"2025-01-16T15:07:20.544Z"}
{"0":"r","1":"e","2":"s","3":"o","4":"n","5":":","level":"error","message":"Unhandled rejection at ","service":"identity-service","timestamp":"2025-01-16T15:07:50.624Z"}
{"0":"3","1":"0","2":"0","3":"1","level":"info","message":"User service running on :","service":"identity-service","timestamp":"2025-01-16T15:09:19.799Z"}
{"level":"info","message":"Recevied POST request to /api/auth/register","service":"identity-service","timestamp":"2025-01-16T15:09:21.886Z"}
{"level":"info","message":"Request body , [object Object]","service":"identity-service","timestamp":"2025-01-16T15:09:21.886Z"}
{"0":"r","1":"e","2":"s","3":"o","4":"n","5":":","level":"error","message":"Unhandled rejection at ","service":"identity-service","timestamp":"2025-01-16T15:09:49.845Z"}
{"0":"3","1":"0","2":"0","3":"1","level":"info","message":"User service running on :","service":"identity-service","timestamp":"2025-01-16T15:09:57.047Z"}
{"0":"3","1":"0","2":"0","3":"1","level":"info","message":"User service running on :","service":"identity-service","timestamp":"2025-01-16T15:10:07.739Z"}
{"level":"info","message":"Recevied POST request to /api/auth/register","service":"identity-service","timestamp":"2025-01-16T15:10:09.557Z"}
{"level":"info","message":"Request body , [object Object]","service":"identity-service","timestamp":"2025-01-16T15:10:09.557Z"}
{"0":"3","1":"0","2":"0","3":"1","level":"info","message":"User service running on :","service":"identity-service","timestamp":"2025-01-16T15:10:24.268Z"}
{"level":"info","message":"Recevied POST request to /api/auth/register","service":"identity-service","timestamp":"2025-01-16T15:10:26.806Z"}
{"level":"info","message":"Request body , [object Object]","service":"identity-service","timestamp":"2025-01-16T15:10:26.807Z"}
{"0":"3","1":"0","2":"0","3":"1","level":"info","message":"User service running on :","service":"identity-service","timestamp":"2025-01-16T15:10:36.254Z"}
{"0":"3","1":"0","2":"0","3":"1","level":"info","message":"User service running on :","service":"identity-service","timestamp":"2025-01-16T15:10:52.560Z"}
{"0":"3","1":"0","2":"0","3":"1","level":"info","message":"User service running on :","service":"identity-service","timestamp":"2025-01-16T15:11:30.644Z"}
{"level":"info","message":"Recevied POST request to /api/auth/register","service":"identity-service","timestamp":"2025-01-16T15:11:33.925Z"}
{"level":"info","message":"Request body , [object Object]","service":"identity-service","timestamp":"2025-01-16T15:11:33.926Z"}
{"0":"3","1":"0","2":"0","3":"1","level":"info","message":"User service running on :","service":"identity-service","timestamp":"2025-01-16T15:11:45.972Z"}
{"0":"3","1":"0","2":"0","3":"1","level":"info","message":"User service running on :","service":"identity-service","timestamp":"2025-01-16T15:12:08.200Z"}
{"level":"info","message":"Recevied POST request to /api/auth/register","service":"identity-service","timestamp":"2025-01-16T15:12:08.969Z"}
{"level":"info","message":"Request body , [object Object]","service":"identity-service","timestamp":"2025-01-16T15:12:08.970Z"}
{"0":"3","1":"0","2":"0","3":"1","level":"info","message":"User service running on :","service":"identity-service","timestamp":"2025-01-16T15:12:16.559Z"}
{"0":"3","1":"0","2":"0","3":"1","level":"info","message":"User service running on :","service":"identity-service","timestamp":"2025-01-16T15:12:19.217Z"}
{"level":"info","message":"Recevied POST request to /api/auth/register","service":"identity-service","timestamp":"2025-01-16T15:12:21.108Z"}
{"level":"info","message":"Request body , [object Object]","service":"identity-service","timestamp":"2025-01-16T15:12:21.114Z"}
{"level":"info","message":"Registration endpoint hit","service":"identity-service","timestamp":"2025-01-16T15:12:21.132Z"}
{"level":"error","message":"Registration error occcured Operation `users.findOne()` buffering timed out after 10000ms","service":"identity-service","stack":"MongooseError: Operation `users.findOne()` buffering timed out after 10000ms\n    at Timeout.<anonymous> (C:\\Users\\Acer\\Desktop\\CN\\etc\\zmser\\MICROSERVICES---NODEJS--SOCIAL-MEDIA-\\user-service\\node_modules\\mongoose\\lib\\drivers\\node-mongodb-native\\collection.js:185:23)\n    at listOnTimeout (node:internal/timers:573:17)\n    at process.processTimers (node:internal/timers:514:7)","timestamp":"2025-01-16T15:12:31.157Z"}
{"0":"r","1":"e","2":"s","3":"o","4":"n","5":":","level":"error","message":"Unhandled rejection at ","service":"identity-service","timestamp":"2025-01-16T15:12:49.301Z"}
{"0":"3","1":"0","2":"0","3":"1","level":"info","message":"User service running on :","service":"identity-service","timestamp":"2025-01-16T15:12:57.120Z"}
{"0":"r","1":"e","2":"s","3":"o","4":"n","5":":","level":"error","message":"Unhandled rejection at ","service":"identity-service","timestamp":"2025-01-16T15:13:27.208Z"}
{"0":"3","1":"0","2":"0","3":"1","level":"info","message":"User service running on :","service":"identity-service","timestamp":"2025-01-16T15:13:36.261Z"}
{"level":"info","message":"Recevied POST request to /api/auth/register","service":"identity-service","timestamp":"2025-01-16T15:13:36.861Z"}
{"level":"info","message":"Request body , [object Object]","service":"identity-service","timestamp":"2025-01-16T15:13:36.862Z"}
{"level":"info","message":"Registration endpoint hit","service":"identity-service","timestamp":"2025-01-16T15:13:36.866Z"}
{"level":"error","message":"Registration error occcured Operation `users.findOne()` buffering timed out after 10000ms","service":"identity-service","stack":"MongooseError: Operation `users.findOne()` buffering timed out after 10000ms\n    at Timeout.<anonymous> (C:\\Users\\Acer\\Desktop\\CN\\etc\\zmser\\MICROSERVICES---NODEJS--SOCIAL-MEDIA-\\user-service\\node_modules\\mongoose\\lib\\drivers\\node-mongodb-native\\collection.js:185:23)\n    at listOnTimeout (node:internal/timers:573:17)\n    at process.processTimers (node:internal/timers:514:7)","timestamp":"2025-01-16T15:13:46.886Z"}
{"0":"r","1":"e","2":"s","3":"o","4":"n","5":":","level":"error","message":"Unhandled rejection at ","service":"identity-service","timestamp":"2025-01-16T15:14:06.326Z"}
{"0":"3","1":"0","2":"0","3":"1","level":"info","message":"User service running on :","service":"identity-service","timestamp":"2025-01-16T15:14:51.267Z"}
{"0":"3","1":"0","2":"0","3":"1","level":"info","message":"User service running on :","service":"identity-service","timestamp":"2025-01-16T15:14:52.714Z"}
{"level":"info","message":"Recevied POST request to /api/auth/register","service":"identity-service","timestamp":"2025-01-16T15:14:54.306Z"}
{"level":"info","message":"Request body , [object Object]","service":"identity-service","timestamp":"2025-01-16T15:14:54.306Z"}
{"level":"info","message":"Registration endpoint hit","service":"identity-service","timestamp":"2025-01-16T15:14:54.313Z"}
{"level":"error","message":"Registration error occcured Operation `users.findOne()` buffering timed out after 10000ms","service":"identity-service","stack":"MongooseError: Operation `users.findOne()` buffering timed out after 10000ms\n    at Timeout.<anonymous> (C:\\Users\\Acer\\Desktop\\CN\\etc\\zmser\\MICROSERVICES---NODEJS--SOCIAL-MEDIA-\\user-service\\node_modules\\mongoose\\lib\\drivers\\node-mongodb-native\\collection.js:185:23)\n    at listOnTimeout (node:internal/timers:573:17)\n    at process.processTimers (node:internal/timers:514:7)","timestamp":"2025-01-16T15:15:04.327Z"}
{"0":"r","1":"e","2":"s","3":"o","4":"n","5":":","level":"error","message":"Unhandled rejection at ","service":"identity-service","timestamp":"2025-01-16T15:15:22.778Z"}
{"0":"3","1":"0","2":"0","3":"1","level":"info","message":"User service running on :","service":"identity-service","timestamp":"2025-01-16T15:15:50.690Z"}
{"level":"info","message":"Recevied POST request to /api/auth/register","service":"identity-service","timestamp":"2025-01-16T15:15:53.274Z"}
{"level":"info","message":"Request body , [object Object]","service":"identity-service","timestamp":"2025-01-16T15:15:53.275Z"}
{"level":"info","message":"Registration endpoint hit","service":"identity-service","timestamp":"2025-01-16T15:15:53.280Z"}
{"level":"error","message":"Registration error occcured Operation `users.find()` buffering timed out after 10000ms","service":"identity-service","stack":"MongooseError: Operation `users.find()` buffering timed out after 10000ms\n    at Timeout.<anonymous> (C:\\Users\\Acer\\Desktop\\CN\\etc\\zmser\\MICROSERVICES---NODEJS--SOCIAL-MEDIA-\\user-service\\node_modules\\mongoose\\lib\\drivers\\node-mongodb-native\\collection.js:185:23)\n    at listOnTimeout (node:internal/timers:573:17)\n    at process.processTimers (node:internal/timers:514:7)","timestamp":"2025-01-16T15:16:03.297Z"}
{"0":"3","1":"0","2":"0","3":"1","level":"info","message":"User service running on :","service":"identity-service","timestamp":"2025-01-16T15:16:17.738Z"}
{"0":"3","1":"0","2":"0","3":"1","level":"info","message":"User service running on :","service":"identity-service","timestamp":"2025-01-16T15:16:31.936Z"}
{"level":"info","message":"Recevied POST request to /api/auth/register","service":"identity-service","timestamp":"2025-01-16T15:16:34.944Z"}
{"level":"info","message":"Request body , [object Object]","service":"identity-service","timestamp":"2025-01-16T15:16:34.944Z"}
{"level":"info","message":"Registration endpoint hit","service":"identity-service","timestamp":"2025-01-16T15:16:34.948Z"}
{"level":"error","message":"Registration error occcured Operation `users.find()` buffering timed out after 10000ms","service":"identity-service","stack":"MongooseError: Operation `users.find()` buffering timed out after 10000ms\n    at Timeout.<anonymous> (C:\\Users\\Acer\\Desktop\\CN\\etc\\zmser\\MICROSERVICES---NODEJS--SOCIAL-MEDIA-\\user-service\\node_modules\\mongoose\\lib\\drivers\\node-mongodb-native\\collection.js:185:23)\n    at listOnTimeout (node:internal/timers:573:17)\n    at process.processTimers (node:internal/timers:514:7)","timestamp":"2025-01-16T15:16:44.958Z"}
{"0":"3","1":"0","2":"0","3":"1","level":"info","message":"User service running on :","service":"identity-service","timestamp":"2025-01-16T15:16:55.106Z"}
{"0":"3","1":"0","2":"0","3":"1","level":"info","message":"User service running on :","service":"identity-service","timestamp":"2025-01-16T15:16:59.401Z"}
{"level":"info","message":"Recevied POST request to /api/auth/register","service":"identity-service","timestamp":"2025-01-16T15:17:02.375Z"}
{"level":"info","message":"Request body , [object Object]","service":"identity-service","timestamp":"2025-01-16T15:17:02.376Z"}
{"level":"info","message":"Registration endpoint hit","service":"identity-service","timestamp":"2025-01-16T15:17:02.378Z"}
{"level":"error","message":"Registration error occcured Operation `users.findOne()` buffering timed out after 10000ms","service":"identity-service","stack":"MongooseError: Operation `users.findOne()` buffering timed out after 10000ms\n    at Timeout.<anonymous> (C:\\Users\\Acer\\Desktop\\CN\\etc\\zmser\\MICROSERVICES---NODEJS--SOCIAL-MEDIA-\\user-service\\node_modules\\mongoose\\lib\\drivers\\node-mongodb-native\\collection.js:185:23)\n    at listOnTimeout (node:internal/timers:573:17)\n    at process.processTimers (node:internal/timers:514:7)","timestamp":"2025-01-16T15:17:12.393Z"}
{"0":"3","1":"0","2":"0","3":"1","level":"info","message":"User service running on :","service":"identity-service","timestamp":"2025-01-16T15:17:52.319Z"}
{"0":"r","1":"e","2":"s","3":"o","4":"n","5":":","level":"error","message":"Unhandled rejection at ","service":"identity-service","timestamp":"2025-01-16T15:18:22.368Z"}
{"0":"3","1":"0","2":"0","3":"1","level":"info","message":"User service running on :","service":"identity-service","timestamp":"2025-01-16T15:18:36.332Z"}
{"0":"r","1":"e","2":"s","3":"o","4":"n","5":":","level":"error","message":"Unhandled rejection at ","service":"identity-service","timestamp":"2025-01-16T15:19:06.409Z"}
{"0":"3","1":"0","2":"0","3":"1","level":"info","message":"User service running on :","service":"identity-service","timestamp":"2025-01-16T15:19:39.967Z"}
{"level":"info","message":"Connected to mongodb","service":"identity-service","timestamp":"2025-01-16T15:19:45.473Z"}
{"level":"info","message":"Recevied POST request to /api/auth/register","service":"identity-service","timestamp":"2025-01-16T15:20:07.582Z"}
{"level":"info","message":"Request body , [object Object]","service":"identity-service","timestamp":"2025-01-16T15:20:07.583Z"}
{"level":"info","message":"Registration endpoint hit","service":"identity-service","timestamp":"2025-01-16T15:20:07.589Z"}
{"buffer":{"data":[103,137,35,167,76,96,102,182,180,35,117,47],"type":"Buffer"},"level":"warn","message":"User saved succesfully","service":"identity-service","timestamp":"2025-01-16T15:20:07.851Z"}
{"level":"info","message":"Recevied POST request to /api/auth/register","service":"identity-service","timestamp":"2025-01-16T16:01:28.509Z"}
{"level":"info","message":"Request body , [object Object]","service":"identity-service","timestamp":"2025-01-16T16:01:28.511Z"}
{"level":"info","message":"Registration endpoint hit","service":"identity-service","timestamp":"2025-01-16T16:01:28.513Z"}
{"level":"warn","message":"User already exists","service":"identity-service","timestamp":"2025-01-16T16:01:28.569Z"}
{"0":"3","1":"0","2":"0","3":"1","level":"info","message":"User service running on :","service":"identity-service","timestamp":"2025-01-16T16:03:14.480Z"}
{"level":"info","message":"Connected to mongodb","service":"identity-service","timestamp":"2025-01-16T16:03:15.034Z"}
{"0":"3","1":"0","2":"0","3":"1","level":"info","message":"User service running on :","service":"identity-service","timestamp":"2025-01-16T16:03:16.500Z"}
{"level":"info","message":"Connected to mongodb","service":"identity-service","timestamp":"2025-01-16T16:03:17.034Z"}
{"0":"3","1":"0","2":"0","3":"1","level":"info","message":"User service running on :","service":"identity-service","timestamp":"2025-01-16T16:03:30.758Z"}
{"level":"info","message":"Connected to mongodb","service":"identity-service","timestamp":"2025-01-16T16:03:31.291Z"}
{"0":"3","1":"0","2":"0","3":"1","level":"info","message":"User service running on :","service":"identity-service","timestamp":"2025-01-16T16:03:37.291Z"}
{"level":"info","message":"Connected to mongodb","service":"identity-service","timestamp":"2025-01-16T16:03:37.853Z"}
{"0":"3","1":"0","2":"0","3":"1","level":"info","message":"User service running on :","service":"identity-service","timestamp":"2025-01-16T16:03:41.742Z"}
{"level":"info","message":"Connected to mongodb","service":"identity-service","timestamp":"2025-01-16T16:03:42.312Z"}
{"0":"3","1":"0","2":"0","3":"1","level":"info","message":"User service running on :","service":"identity-service","timestamp":"2025-01-16T16:04:01.384Z"}
{"level":"info","message":"Connected to mongodb","service":"identity-service","timestamp":"2025-01-16T16:04:01.926Z"}
{"0":"3","1":"0","2":"0","3":"1","level":"info","message":"User service running on :","service":"identity-service","timestamp":"2025-01-16T16:04:19.660Z"}
{"level":"info","message":"Connected to mongodb","service":"identity-service","timestamp":"2025-01-16T16:04:20.190Z"}
{"0":"3","1":"0","2":"0","3":"1","level":"info","message":"User service running on :","service":"identity-service","timestamp":"2025-01-16T16:04:29.169Z"}
{"level":"info","message":"Connected to mongodb","service":"identity-service","timestamp":"2025-01-16T16:04:29.700Z"}
{"0":"3","1":"0","2":"0","3":"1","level":"info","message":"User service running on :","service":"identity-service","timestamp":"2025-01-16T16:04:40.433Z"}
{"level":"info","message":"Connected to mongodb","service":"identity-service","timestamp":"2025-01-16T16:04:40.958Z"}
{"0":"3","1":"0","2":"0","3":"1","level":"info","message":"User service running on :","service":"identity-service","timestamp":"2025-01-16T16:05:02.974Z"}
{"level":"info","message":"Connected to mongodb","service":"identity-service","timestamp":"2025-01-16T16:05:03.509Z"}
{"0":"3","1":"0","2":"0","3":"1","level":"info","message":"User service running on :","service":"identity-service","timestamp":"2025-01-16T16:05:15.784Z"}
{"level":"info","message":"Connected to mongodb","service":"identity-service","timestamp":"2025-01-16T16:05:16.299Z"}
{"0":"3","1":"0","2":"0","3":"1","level":"info","message":"User service running on :","service":"identity-service","timestamp":"2025-01-16T16:05:20.651Z"}
{"level":"info","message":"Connected to mongodb","service":"identity-service","timestamp":"2025-01-16T16:05:21.201Z"}
{"0":"3","1":"0","2":"0","3":"1","level":"info","message":"User service running on :","service":"identity-service","timestamp":"2025-01-16T16:05:33.041Z"}
{"level":"info","message":"Connected to mongodb","service":"identity-service","timestamp":"2025-01-16T16:05:33.563Z"}
{"0":"3","1":"0","2":"0","3":"1","level":"info","message":"User service running on :","service":"identity-service","timestamp":"2025-01-16T16:05:45.616Z"}
{"level":"info","message":"Connected to mongodb","service":"identity-service","timestamp":"2025-01-16T16:05:46.176Z"}
{"0":"3","1":"0","2":"0","3":"1","level":"info","message":"User service running on :","service":"identity-service","timestamp":"2025-01-16T16:06:03.084Z"}
{"level":"info","message":"Connected to mongodb","service":"identity-service","timestamp":"2025-01-16T16:06:03.641Z"}
{"0":"3","1":"0","2":"0","3":"1","level":"info","message":"User service running on :","service":"identity-service","timestamp":"2025-01-16T16:06:16.925Z"}
{"level":"info","message":"Connected to mongodb","service":"identity-service","timestamp":"2025-01-16T16:06:17.460Z"}
{"0":"3","1":"0","2":"0","3":"1","level":"info","message":"User service running on :","service":"identity-service","timestamp":"2025-01-16T16:06:41.047Z"}
{"level":"info","message":"Connected to mongodb","service":"identity-service","timestamp":"2025-01-16T16:06:41.606Z"}
{"0":"3","1":"0","2":"0","3":"1","level":"info","message":"User service running on :","service":"identity-service","timestamp":"2025-01-16T16:07:04.955Z"}
{"level":"info","message":"Connected to mongodb","service":"identity-service","timestamp":"2025-01-16T16:07:05.507Z"}
{"0":"3","1":"0","2":"0","3":"1","level":"info","message":"User service running on :","service":"identity-service","timestamp":"2025-01-16T16:07:16.176Z"}
{"level":"info","message":"Connected to mongodb","service":"identity-service","timestamp":"2025-01-16T16:07:16.710Z"}
{"0":"3","1":"0","2":"0","3":"1","level":"info","message":"User service running on :","service":"identity-service","timestamp":"2025-01-16T16:07:25.966Z"}
{"level":"info","message":"Connected to mongodb","service":"identity-service","timestamp":"2025-01-16T16:07:26.517Z"}
{"0":"3","1":"0","2":"0","3":"1","level":"info","message":"User service running on :","service":"identity-service","timestamp":"2025-01-16T16:07:30.972Z"}
{"level":"info","message":"Connected to mongodb","service":"identity-service","timestamp":"2025-01-16T16:07:31.518Z"}
{"0":"3","1":"0","2":"0","3":"1","level":"info","message":"User service running on :","service":"identity-service","timestamp":"2025-01-16T16:07:41.102Z"}
{"level":"info","message":"Connected to mongodb","service":"identity-service","timestamp":"2025-01-16T16:07:41.664Z"}
{"0":"3","1":"0","2":"0","3":"1","level":"info","message":"User service running on :","service":"identity-service","timestamp":"2025-01-16T16:07:57.093Z"}
{"level":"info","message":"Connected to mongodb","service":"identity-service","timestamp":"2025-01-16T16:07:57.655Z"}
{"0":"3","1":"0","2":"0","3":"1","level":"info","message":"User service running on :","service":"identity-service","timestamp":"2025-01-16T16:08:24.710Z"}
{"level":"info","message":"Connected to mongodb","service":"identity-service","timestamp":"2025-01-16T16:08:25.298Z"}
{"0":"3","1":"0","2":"0","3":"1","level":"info","message":"User service running on :","service":"identity-service","timestamp":"2025-01-16T16:08:41.809Z"}
{"level":"info","message":"Connected to mongodb","service":"identity-service","timestamp":"2025-01-16T16:08:42.334Z"}
{"0":"3","1":"0","2":"0","3":"1","level":"info","message":"User service running on :","service":"identity-service","timestamp":"2025-01-16T16:08:44.628Z"}
{"level":"info","message":"Connected to mongodb","service":"identity-service","timestamp":"2025-01-16T16:08:45.161Z"}
{"0":"3","1":"0","2":"0","3":"1","level":"info","message":"User service running on :","service":"identity-service","timestamp":"2025-01-16T16:09:06.920Z"}
{"level":"info","message":"Connected to mongodb","service":"identity-service","timestamp":"2025-01-16T16:09:07.477Z"}
{"level":"info","message":"Recevied POST request to /api/auth/login","service":"identity-service","timestamp":"2025-01-16T16:10:10.681Z"}
{"level":"info","message":"Request body , [object Object]","service":"identity-service","timestamp":"2025-01-16T16:10:10.682Z"}
{"level":"error","service":"identity-service","timestamp":"2025-01-16T16:10:10.685Z"}
{"0":"3","1":"0","2":"0","3":"1","level":"info","message":"User service running on :","service":"identity-service","timestamp":"2025-01-16T16:10:29.620Z"}
{"level":"info","message":"Connected to mongodb","service":"identity-service","timestamp":"2025-01-16T16:10:30.147Z"}
{"level":"info","message":"Recevied POST request to /api/auth/login","service":"identity-service","timestamp":"2025-01-16T16:10:30.918Z"}
{"level":"info","message":"Request body , [object Object]","service":"identity-service","timestamp":"2025-01-16T16:10:30.919Z"}
{"level":"info","message":"Login endpoint hit","service":"identity-service","timestamp":"2025-01-16T16:10:30.921Z"}
{"0":"3","1":"0","2":"0","3":"1","level":"info","message":"User service running on :","service":"identity-service","timestamp":"2025-01-16T16:10:59.135Z"}
{"level":"info","message":"Connected to mongodb","service":"identity-service","timestamp":"2025-01-16T16:10:59.666Z"}
{"level":"info","message":"Recevied POST request to /api/auth/login","service":"identity-service","timestamp":"2025-01-16T16:11:00.114Z"}
{"level":"info","message":"Request body , [object Object]","service":"identity-service","timestamp":"2025-01-16T16:11:00.115Z"}
{"level":"info","message":"Login endpoint hit","service":"identity-service","timestamp":"2025-01-16T16:11:00.117Z"}
{"0":"3","1":"0","2":"0","3":"1","level":"info","message":"User service running on :","service":"identity-service","timestamp":"2025-01-16T16:12:06.181Z"}
{"level":"info","message":"Connected to mongodb","service":"identity-service","timestamp":"2025-01-16T16:12:06.716Z"}
{"level":"info","message":"Recevied POST request to /api/auth/login","service":"identity-service","timestamp":"2025-01-16T16:12:07.272Z"}
{"level":"info","message":"Request body , [object Object]","service":"identity-service","timestamp":"2025-01-16T16:12:07.273Z"}
{"level":"info","message":"Login endpoint hit","service":"identity-service","timestamp":"2025-01-16T16:12:07.275Z"}
{"0":"3","1":"0","2":"0","3":"1","level":"info","message":"User service running on :","service":"identity-service","timestamp":"2025-01-16T16:12:34.689Z"}
{"level":"info","message":"Connected to mongodb","service":"identity-service","timestamp":"2025-01-16T16:12:35.236Z"}
{"0":"3","1":"0","2":"0","3":"1","level":"info","message":"User service running on :","service":"identity-service","timestamp":"2025-01-16T16:12:36.566Z"}
{"level":"info","message":"Connected to mongodb","service":"identity-service","timestamp":"2025-01-16T16:12:37.094Z"}
{"0":"3","1":"0","2":"0","3":"1","level":"info","message":"User service running on :","service":"identity-service","timestamp":"2025-01-16T16:13:39.340Z"}
{"level":"info","message":"Connected to mongodb","service":"identity-service","timestamp":"2025-01-16T16:13:39.870Z"}
{"0":"3","1":"0","2":"0","3":"1","level":"info","message":"User service running on :","service":"identity-service","timestamp":"2025-01-16T16:13:46.516Z"}
{"level":"info","message":"Connected to mongodb","service":"identity-service","timestamp":"2025-01-16T16:13:47.093Z"}
{"0":"3","1":"0","2":"0","3":"1","level":"info","message":"User service running on :","service":"identity-service","timestamp":"2025-01-16T16:14:06.921Z"}
{"level":"info","message":"Connected to mongodb","service":"identity-service","timestamp":"2025-01-16T16:14:07.477Z"}
{"0":"3","1":"0","2":"0","3":"1","level":"info","message":"User service running on :","service":"identity-service","timestamp":"2025-01-16T16:14:16.314Z"}
{"level":"info","message":"Connected to mongodb","service":"identity-service","timestamp":"2025-01-16T16:14:16.842Z"}
{"0":"3","1":"0","2":"0","3":"1","level":"info","message":"User service running on :","service":"identity-service","timestamp":"2025-01-16T16:14:23.794Z"}
{"level":"info","message":"Connected to mongodb","service":"identity-service","timestamp":"2025-01-16T16:14:24.320Z"}
{"0":"3","1":"0","2":"0","3":"1","level":"info","message":"User service running on :","service":"identity-service","timestamp":"2025-01-16T16:14:34.000Z"}
{"level":"info","message":"Connected to mongodb","service":"identity-service","timestamp":"2025-01-16T16:14:34.542Z"}
{"0":"3","1":"0","2":"0","3":"1","level":"info","message":"User service running on :","service":"identity-service","timestamp":"2025-01-16T16:14:39.564Z"}
{"level":"info","message":"Connected to mongodb","service":"identity-service","timestamp":"2025-01-16T16:14:40.092Z"}
{"0":"3","1":"0","2":"0","3":"1","level":"info","message":"User service running on :","service":"identity-service","timestamp":"2025-01-16T16:15:12.211Z"}
{"level":"info","message":"Connected to mongodb","service":"identity-service","timestamp":"2025-01-16T16:15:12.759Z"}
{"0":"3","1":"0","2":"0","3":"1","level":"info","message":"User service running on :","service":"identity-service","timestamp":"2025-01-16T16:15:24.005Z"}
{"level":"info","message":"Connected to mongodb","service":"identity-service","timestamp":"2025-01-16T16:15:24.555Z"}
{"0":"3","1":"0","2":"0","3":"1","level":"info","message":"User service running on :","service":"identity-service","timestamp":"2025-01-16T16:15:58.523Z"}
{"level":"info","message":"Connected to mongodb","service":"identity-service","timestamp":"2025-01-16T16:15:59.042Z"}
{"0":"3","1":"0","2":"0","3":"1","level":"info","message":"User service running on :","service":"identity-service","timestamp":"2025-01-16T16:16:12.260Z"}
{"level":"info","message":"Connected to mongodb","service":"identity-service","timestamp":"2025-01-16T16:16:12.809Z"}
{"0":"3","1":"0","2":"0","3":"1","level":"info","message":"User service running on :","service":"identity-service","timestamp":"2025-01-16T16:16:48.235Z"}
{"level":"info","message":"Connected to mongodb","service":"identity-service","timestamp":"2025-01-16T16:16:48.799Z"}
{"0":"3","1":"0","2":"0","3":"1","level":"info","message":"User service running on :","service":"identity-service","timestamp":"2025-01-16T16:21:45.949Z"}
{"level":"info","message":"Connected to mongodb","service":"identity-service","timestamp":"2025-01-16T16:21:46.501Z"}
{"0":"3","1":"0","2":"0","3":"1","level":"info","message":"User service running on :","service":"identity-service","timestamp":"2025-01-16T16:22:08.181Z"}
{"level":"info","message":"Connected to mongodb","service":"identity-service","timestamp":"2025-01-16T16:22:08.768Z"}
{"0":"3","1":"0","2":"0","3":"1","level":"info","message":"User service running on :","service":"identity-service","timestamp":"2025-01-16T16:22:17.710Z"}
{"level":"info","message":"Connected to mongodb","service":"identity-service","timestamp":"2025-01-16T16:22:18.317Z"}
{"0":"3","1":"0","2":"0","3":"1","level":"info","message":"User service running on :","service":"identity-service","timestamp":"2025-01-16T16:22:56.838Z"}
{"level":"info","message":"Connected to mongodb","service":"identity-service","timestamp":"2025-01-16T16:22:57.388Z"}
{"0":"3","1":"0","2":"0","3":"1","level":"info","message":"User service running on :","service":"identity-service","timestamp":"2025-01-16T16:23:46.831Z"}
{"level":"info","message":"Connected to mongodb","service":"identity-service","timestamp":"2025-01-16T16:23:47.376Z"}
{"0":"3","1":"0","2":"0","3":"1","level":"info","message":"User service running on :","service":"identity-service","timestamp":"2025-01-16T16:24:02.160Z"}
{"level":"info","message":"Connected to mongodb","service":"identity-service","timestamp":"2025-01-16T16:24:02.717Z"}
{"0":"3","1":"0","2":"0","3":"1","level":"info","message":"User service running on :","service":"identity-service","timestamp":"2025-01-16T16:24:07.409Z"}
{"level":"info","message":"Connected to mongodb","service":"identity-service","timestamp":"2025-01-16T16:24:07.931Z"}
{"0":"3","1":"0","2":"0","3":"1","level":"info","message":"User service running on :","service":"identity-service","timestamp":"2025-01-16T16:24:17.860Z"}
{"level":"info","message":"Connected to mongodb","service":"identity-service","timestamp":"2025-01-16T16:24:18.427Z"}
{"0":"3","1":"0","2":"0","3":"1","level":"info","message":"User service running on :","service":"identity-service","timestamp":"2025-01-16T16:24:25.179Z"}
{"level":"info","message":"Connected to mongodb","service":"identity-service","timestamp":"2025-01-16T16:24:25.730Z"}
{"0":"3","1":"0","2":"0","3":"1","level":"info","message":"User service running on :","service":"identity-service","timestamp":"2025-01-16T16:24:39.938Z"}
{"level":"info","message":"Connected to mongodb","service":"identity-service","timestamp":"2025-01-16T16:24:40.495Z"}
{"0":"3","1":"0","2":"0","3":"1","level":"info","message":"User service running on :","service":"identity-service","timestamp":"2025-01-16T16:26:01.037Z"}
{"level":"info","message":"Connected to mongodb","service":"identity-service","timestamp":"2025-01-16T16:26:01.581Z"}
{"0":"3","1":"0","2":"0","3":"1","level":"info","message":"User service running on :","service":"identity-service","timestamp":"2025-01-16T16:26:04.685Z"}
{"level":"info","message":"Connected to mongodb","service":"identity-service","timestamp":"2025-01-16T16:26:05.210Z"}
{"0":"3","1":"0","2":"0","3":"1","level":"info","message":"User service running on :","service":"identity-service","timestamp":"2025-01-16T16:26:16.837Z"}
{"level":"info","message":"Connected to mongodb","service":"identity-service","timestamp":"2025-01-16T16:26:17.402Z"}
{"0":"3","1":"0","2":"0","3":"1","level":"info","message":"User service running on :","service":"identity-service","timestamp":"2025-01-16T16:26:34.830Z"}
{"level":"info","message":"Connected to mongodb","service":"identity-service","timestamp":"2025-01-16T16:26:35.377Z"}
{"0":"3","1":"0","2":"0","3":"1","level":"info","message":"User service running on :","service":"identity-service","timestamp":"2025-01-16T16:26:50.286Z"}
{"level":"info","message":"Connected to mongodb","service":"identity-service","timestamp":"2025-01-16T16:26:50.835Z"}
{"0":"3","1":"0","2":"0","3":"1","level":"info","message":"User service running on :","service":"identity-service","timestamp":"2025-01-16T16:27:06.156Z"}
{"level":"info","message":"Connected to mongodb","service":"identity-service","timestamp":"2025-01-16T16:27:06.693Z"}
{"0":"3","1":"0","2":"0","3":"1","level":"info","message":"User service running on :","service":"identity-service","timestamp":"2025-01-16T16:27:23.930Z"}
{"level":"info","message":"Connected to mongodb","service":"identity-service","timestamp":"2025-01-16T16:27:24.506Z"}
{"0":"3","1":"0","2":"0","3":"1","level":"info","message":"User service running on :","service":"identity-service","timestamp":"2025-01-16T16:27:42.446Z"}
{"level":"info","message":"Connected to mongodb","service":"identity-service","timestamp":"2025-01-16T16:27:43.055Z"}
{"0":"3","1":"0","2":"0","3":"1","level":"info","message":"User service running on :","service":"identity-service","timestamp":"2025-01-16T16:27:44.700Z"}
{"level":"info","message":"Connected to mongodb","service":"identity-service","timestamp":"2025-01-16T16:27:45.240Z"}
{"0":"3","1":"0","2":"0","3":"1","level":"info","message":"User service running on :","service":"identity-service","timestamp":"2025-01-16T16:28:13.524Z"}
{"level":"info","message":"Connected to mongodb","service":"identity-service","timestamp":"2025-01-16T16:28:14.062Z"}
{"0":"3","1":"0","2":"0","3":"1","level":"info","message":"User service running on :","service":"identity-service","timestamp":"2025-01-16T16:28:14.852Z"}
{"level":"info","message":"Connected to mongodb","service":"identity-service","timestamp":"2025-01-16T16:28:15.394Z"}
{"0":"3","1":"0","2":"0","3":"1","level":"info","message":"User service running on :","service":"identity-service","timestamp":"2025-01-16T16:29:06.634Z"}
{"level":"info","message":"Connected to mongodb","service":"identity-service","timestamp":"2025-01-16T16:29:07.169Z"}
{"0":"3","1":"0","2":"0","3":"1","level":"info","message":"User service running on :","service":"identity-service","timestamp":"2025-01-16T16:29:38.373Z"}
{"level":"info","message":"Connected to mongodb","service":"identity-service","timestamp":"2025-01-16T16:29:38.894Z"}
{"level":"info","message":"Recevied POST request to /api/auth/login","service":"identity-service","timestamp":"2025-01-16T16:31:04.454Z"}
{"level":"info","message":"Request body , [object Object]","service":"identity-service","timestamp":"2025-01-16T16:31:04.455Z"}
{"level":"info","message":"Login endpoint hit","service":"identity-service","timestamp":"2025-01-16T16:31:04.457Z"}
{"level":"info","message":"Recevied POST request to /api/auth/register","service":"identity-service","timestamp":"2025-01-16T16:31:07.757Z"}
{"level":"info","message":"Request body , [object Object]","service":"identity-service","timestamp":"2025-01-16T16:31:07.757Z"}
{"level":"info","message":"Registration endpoint hit","service":"identity-service","timestamp":"2025-01-16T16:31:07.761Z"}
{"level":"warn","message":"User already exists","service":"identity-service","timestamp":"2025-01-16T16:31:07.810Z"}
{"level":"info","message":"Recevied POST request to /api/auth/login","service":"identity-service","timestamp":"2025-01-16T16:31:11.171Z"}
{"level":"info","message":"Request body , [object Object]","service":"identity-service","timestamp":"2025-01-16T16:31:11.171Z"}
{"level":"info","message":"Login endpoint hit","service":"identity-service","timestamp":"2025-01-16T16:31:11.172Z"}
